{"@timestamp":"2022-06-05T11:28:44.813+02:00","@version":"1","message":"Starting ElevatorSystemApplication using Java 18.0.1.1 on DESKTOP-AEL7H7V with PID 19132 (C:\\Users\\FPro\\Desktop\\avsystem\\elevator_system\\elevator_system\\build\\classes\\java\\main started by FPro in C:\\Users\\FPro\\Desktop\\avsystem\\elevator_system\\elevator_system)","logger_name":"proj.elevators.elevatorSystem.ElevatorSystemApplication","thread_name":"main","level":"INFO","level_value":20000}
{"@timestamp":"2022-06-05T11:28:44.819+02:00","@version":"1","message":"Running with Spring Boot v2.7.0, Spring v5.3.20","logger_name":"proj.elevators.elevatorSystem.ElevatorSystemApplication","thread_name":"main","level":"DEBUG","level_value":10000}
{"@timestamp":"2022-06-05T11:28:44.819+02:00","@version":"1","message":"No active profile set, falling back to 1 default profile: \"default\"","logger_name":"proj.elevators.elevatorSystem.ElevatorSystemApplication","thread_name":"main","level":"INFO","level_value":20000}
{"@timestamp":"2022-06-05T11:28:45.565+02:00","@version":"1","message":"Started ElevatorSystemApplication in 1.052 seconds (JVM running for 1.388)","logger_name":"proj.elevators.elevatorSystem.ElevatorSystemApplication","thread_name":"main","level":"INFO","level_value":20000}
{"@timestamp":"2022-06-05T11:29:04.283+02:00","@version":"1","message":"Returned status","logger_name":"proj.elevators.elevatorSystem.controller.SystemVisualizationController","thread_name":"http-nio-8080-exec-1","level":"INFO","level_value":20000}
{"@timestamp":"2022-06-05T11:29:04.322+02:00","@version":"1","message":"Returned status","logger_name":"proj.elevators.elevatorSystem.controller.SystemVisualizationController","thread_name":"http-nio-8080-exec-2","level":"INFO","level_value":20000}
{"@timestamp":"2022-06-05T11:30:12.788+02:00","@version":"1","message":"Updated position of elevator with id:0, to: 4","logger_name":"proj.elevators.elevatorSystem.controller.SystemVisualizationController","thread_name":"http-nio-8080-exec-6","level":"INFO","level_value":20000}
{"@timestamp":"2022-06-05T11:30:12.792+02:00","@version":"1","message":"Returned status","logger_name":"proj.elevators.elevatorSystem.controller.SystemVisualizationController","thread_name":"http-nio-8080-exec-7","level":"INFO","level_value":20000}
{"@timestamp":"2022-06-05T11:30:13.909+02:00","@version":"1","message":"Added pickup request for floor number: 3, with direction: UP","logger_name":"proj.elevators.elevatorSystem.controller.SystemVisualizationController","thread_name":"http-nio-8080-exec-9","level":"INFO","level_value":20000}
{"@timestamp":"2022-06-05T11:30:14.795+02:00","@version":"1","message":"Successfully performed step","logger_name":"proj.elevators.elevatorSystem.controller.SystemVisualizationController","thread_name":"http-nio-8080-exec-1","level":"INFO","level_value":20000}
{"@timestamp":"2022-06-05T11:30:14.798+02:00","@version":"1","message":"Returned status","logger_name":"proj.elevators.elevatorSystem.controller.SystemVisualizationController","thread_name":"http-nio-8080-exec-2","level":"INFO","level_value":20000}
{"@timestamp":"2022-06-05T11:30:16.543+02:00","@version":"1","message":"Successfully performed step","logger_name":"proj.elevators.elevatorSystem.controller.SystemVisualizationController","thread_name":"http-nio-8080-exec-4","level":"INFO","level_value":20000}
{"@timestamp":"2022-06-05T11:30:16.547+02:00","@version":"1","message":"Returned status","logger_name":"proj.elevators.elevatorSystem.controller.SystemVisualizationController","thread_name":"http-nio-8080-exec-3","level":"INFO","level_value":20000}
{"@timestamp":"2022-06-05T11:30:17.944+02:00","@version":"1","message":"Updated position of elevator with id:0, to: 0","logger_name":"proj.elevators.elevatorSystem.controller.SystemVisualizationController","thread_name":"http-nio-8080-exec-5","level":"INFO","level_value":20000}
{"@timestamp":"2022-06-05T11:30:17.947+02:00","@version":"1","message":"Returned status","logger_name":"proj.elevators.elevatorSystem.controller.SystemVisualizationController","thread_name":"http-nio-8080-exec-6","level":"INFO","level_value":20000}
{"@timestamp":"2022-06-05T11:30:24.861+02:00","@version":"1","message":"Added target request for elevator with id: 2, to floor number: 5","logger_name":"proj.elevators.elevatorSystem.controller.SystemVisualizationController","thread_name":"http-nio-8080-exec-8","level":"INFO","level_value":20000}
{"@timestamp":"2022-06-05T11:30:25.682+02:00","@version":"1","message":"Successfully performed step","logger_name":"proj.elevators.elevatorSystem.controller.SystemVisualizationController","thread_name":"http-nio-8080-exec-9","level":"INFO","level_value":20000}
{"@timestamp":"2022-06-05T11:30:25.685+02:00","@version":"1","message":"Returned status","logger_name":"proj.elevators.elevatorSystem.controller.SystemVisualizationController","thread_name":"http-nio-8080-exec-10","level":"INFO","level_value":20000}
{"@timestamp":"2022-06-05T11:30:25.887+02:00","@version":"1","message":"Successfully performed step","logger_name":"proj.elevators.elevatorSystem.controller.SystemVisualizationController","thread_name":"http-nio-8080-exec-1","level":"INFO","level_value":20000}
{"@timestamp":"2022-06-05T11:30:25.89+02:00","@version":"1","message":"Returned status","logger_name":"proj.elevators.elevatorSystem.controller.SystemVisualizationController","thread_name":"http-nio-8080-exec-2","level":"INFO","level_value":20000}
{"@timestamp":"2022-06-05T11:30:26.103+02:00","@version":"1","message":"Successfully performed step","logger_name":"proj.elevators.elevatorSystem.controller.SystemVisualizationController","thread_name":"http-nio-8080-exec-4","level":"INFO","level_value":20000}
{"@timestamp":"2022-06-05T11:30:26.106+02:00","@version":"1","message":"Returned status","logger_name":"proj.elevators.elevatorSystem.controller.SystemVisualizationController","thread_name":"http-nio-8080-exec-3","level":"INFO","level_value":20000}
{"@timestamp":"2022-06-05T11:30:26.381+02:00","@version":"1","message":"Successfully performed step","logger_name":"proj.elevators.elevatorSystem.controller.SystemVisualizationController","thread_name":"http-nio-8080-exec-5","level":"INFO","level_value":20000}
{"@timestamp":"2022-06-05T11:30:26.384+02:00","@version":"1","message":"Returned status","logger_name":"proj.elevators.elevatorSystem.controller.SystemVisualizationController","thread_name":"http-nio-8080-exec-6","level":"INFO","level_value":20000}
{"@timestamp":"2022-06-05T11:30:26.627+02:00","@version":"1","message":"Successfully performed step","logger_name":"proj.elevators.elevatorSystem.controller.SystemVisualizationController","thread_name":"http-nio-8080-exec-7","level":"INFO","level_value":20000}
{"@timestamp":"2022-06-05T11:30:26.63+02:00","@version":"1","message":"Returned status","logger_name":"proj.elevators.elevatorSystem.controller.SystemVisualizationController","thread_name":"http-nio-8080-exec-8","level":"INFO","level_value":20000}
{"@timestamp":"2022-06-05T11:30:28.241+02:00","@version":"1","message":"Added target request for elevator with id: 2, to floor number: 1","logger_name":"proj.elevators.elevatorSystem.controller.SystemVisualizationController","thread_name":"http-nio-8080-exec-9","level":"INFO","level_value":20000}
{"@timestamp":"2022-06-05T11:30:29.22+02:00","@version":"1","message":"Added target request for elevator with id: 2, to floor number: 3","logger_name":"proj.elevators.elevatorSystem.controller.SystemVisualizationController","thread_name":"http-nio-8080-exec-10","level":"INFO","level_value":20000}
{"@timestamp":"2022-06-05T11:30:29.905+02:00","@version":"1","message":"Successfully performed step","logger_name":"proj.elevators.elevatorSystem.controller.SystemVisualizationController","thread_name":"http-nio-8080-exec-1","level":"INFO","level_value":20000}
{"@timestamp":"2022-06-05T11:30:29.908+02:00","@version":"1","message":"Returned status","logger_name":"proj.elevators.elevatorSystem.controller.SystemVisualizationController","thread_name":"http-nio-8080-exec-2","level":"INFO","level_value":20000}
{"@timestamp":"2022-06-05T11:30:30.152+02:00","@version":"1","message":"Successfully performed step","logger_name":"proj.elevators.elevatorSystem.controller.SystemVisualizationController","thread_name":"http-nio-8080-exec-4","level":"INFO","level_value":20000}
{"@timestamp":"2022-06-05T11:30:30.155+02:00","@version":"1","message":"Returned status","logger_name":"proj.elevators.elevatorSystem.controller.SystemVisualizationController","thread_name":"http-nio-8080-exec-3","level":"INFO","level_value":20000}
{"@timestamp":"2022-06-05T11:30:30.595+02:00","@version":"1","message":"Successfully performed step","logger_name":"proj.elevators.elevatorSystem.controller.SystemVisualizationController","thread_name":"http-nio-8080-exec-5","level":"INFO","level_value":20000}
{"@timestamp":"2022-06-05T11:30:30.597+02:00","@version":"1","message":"Returned status","logger_name":"proj.elevators.elevatorSystem.controller.SystemVisualizationController","thread_name":"http-nio-8080-exec-6","level":"INFO","level_value":20000}
{"@timestamp":"2022-06-05T11:30:30.793+02:00","@version":"1","message":"Successfully performed step","logger_name":"proj.elevators.elevatorSystem.controller.SystemVisualizationController","thread_name":"http-nio-8080-exec-7","level":"INFO","level_value":20000}
{"@timestamp":"2022-06-05T11:30:30.795+02:00","@version":"1","message":"Returned status","logger_name":"proj.elevators.elevatorSystem.controller.SystemVisualizationController","thread_name":"http-nio-8080-exec-8","level":"INFO","level_value":20000}
{"@timestamp":"2022-06-05T11:30:31.096+02:00","@version":"1","message":"Successfully performed step","logger_name":"proj.elevators.elevatorSystem.controller.SystemVisualizationController","thread_name":"http-nio-8080-exec-9","level":"INFO","level_value":20000}
{"@timestamp":"2022-06-05T11:30:31.099+02:00","@version":"1","message":"Returned status","logger_name":"proj.elevators.elevatorSystem.controller.SystemVisualizationController","thread_name":"http-nio-8080-exec-10","level":"INFO","level_value":20000}
{"@timestamp":"2022-06-05T11:30:32.561+02:00","@version":"1","message":"Updated position of elevator with id:2, to: 0","logger_name":"proj.elevators.elevatorSystem.controller.SystemVisualizationController","thread_name":"http-nio-8080-exec-2","level":"INFO","level_value":20000}
{"@timestamp":"2022-06-05T11:30:32.563+02:00","@version":"1","message":"Returned status","logger_name":"proj.elevators.elevatorSystem.controller.SystemVisualizationController","thread_name":"http-nio-8080-exec-4","level":"INFO","level_value":20000}
{"@timestamp":"2022-06-05T11:30:35.229+02:00","@version":"1","message":"Added pickup request for floor number: 5, with direction: UP","logger_name":"proj.elevators.elevatorSystem.controller.SystemVisualizationController","thread_name":"http-nio-8080-exec-5","level":"INFO","level_value":20000}
{"@timestamp":"2022-06-05T11:30:35.997+02:00","@version":"1","message":"Added pickup request for floor number: -2, with direction: UP","logger_name":"proj.elevators.elevatorSystem.controller.SystemVisualizationController","thread_name":"http-nio-8080-exec-7","level":"INFO","level_value":20000}
{"@timestamp":"2022-06-05T11:30:36.931+02:00","@version":"1","message":"Successfully performed step","logger_name":"proj.elevators.elevatorSystem.controller.SystemVisualizationController","thread_name":"http-nio-8080-exec-8","level":"INFO","level_value":20000}
{"@timestamp":"2022-06-05T11:30:36.933+02:00","@version":"1","message":"Returned status","logger_name":"proj.elevators.elevatorSystem.controller.SystemVisualizationController","thread_name":"http-nio-8080-exec-9","level":"INFO","level_value":20000}
{"@timestamp":"2022-06-05T11:30:37.281+02:00","@version":"1","message":"Successfully performed step","logger_name":"proj.elevators.elevatorSystem.controller.SystemVisualizationController","thread_name":"http-nio-8080-exec-10","level":"INFO","level_value":20000}
{"@timestamp":"2022-06-05T11:30:37.283+02:00","@version":"1","message":"Returned status","logger_name":"proj.elevators.elevatorSystem.controller.SystemVisualizationController","thread_name":"http-nio-8080-exec-1","level":"INFO","level_value":20000}
{"@timestamp":"2022-06-05T11:30:37.577+02:00","@version":"1","message":"Successfully performed step","logger_name":"proj.elevators.elevatorSystem.controller.SystemVisualizationController","thread_name":"http-nio-8080-exec-2","level":"INFO","level_value":20000}
{"@timestamp":"2022-06-05T11:30:37.579+02:00","@version":"1","message":"Returned status","logger_name":"proj.elevators.elevatorSystem.controller.SystemVisualizationController","thread_name":"http-nio-8080-exec-4","level":"INFO","level_value":20000}
{"@timestamp":"2022-06-05T11:30:37.975+02:00","@version":"1","message":"Successfully performed step","logger_name":"proj.elevators.elevatorSystem.controller.SystemVisualizationController","thread_name":"http-nio-8080-exec-3","level":"INFO","level_value":20000}
{"@timestamp":"2022-06-05T11:30:37.978+02:00","@version":"1","message":"Returned status","logger_name":"proj.elevators.elevatorSystem.controller.SystemVisualizationController","thread_name":"http-nio-8080-exec-5","level":"INFO","level_value":20000}
{"@timestamp":"2022-06-05T11:30:38.267+02:00","@version":"1","message":"Successfully performed step","logger_name":"proj.elevators.elevatorSystem.controller.SystemVisualizationController","thread_name":"http-nio-8080-exec-6","level":"INFO","level_value":20000}
{"@timestamp":"2022-06-05T11:30:38.269+02:00","@version":"1","message":"Returned status","logger_name":"proj.elevators.elevatorSystem.controller.SystemVisualizationController","thread_name":"http-nio-8080-exec-7","level":"INFO","level_value":20000}
{"@timestamp":"2022-06-05T11:30:41.152+02:00","@version":"1","message":"Updated position of elevator with id:0, to: 0","logger_name":"proj.elevators.elevatorSystem.controller.SystemVisualizationController","thread_name":"http-nio-8080-exec-8","level":"INFO","level_value":20000}
{"@timestamp":"2022-06-05T11:30:41.154+02:00","@version":"1","message":"Returned status","logger_name":"proj.elevators.elevatorSystem.controller.SystemVisualizationController","thread_name":"http-nio-8080-exec-9","level":"INFO","level_value":20000}
{"@timestamp":"2022-06-05T11:30:41.574+02:00","@version":"1","message":"Updated position of elevator with id:1, to: 0","logger_name":"proj.elevators.elevatorSystem.controller.SystemVisualizationController","thread_name":"http-nio-8080-exec-1","level":"INFO","level_value":20000}
{"@timestamp":"2022-06-05T11:30:41.577+02:00","@version":"1","message":"Returned status","logger_name":"proj.elevators.elevatorSystem.controller.SystemVisualizationController","thread_name":"http-nio-8080-exec-2","level":"INFO","level_value":20000}
{"@timestamp":"2022-06-05T11:30:53.906+02:00","@version":"1","message":"Added pickup request for floor number: -4, with direction: UP","logger_name":"proj.elevators.elevatorSystem.controller.SystemVisualizationController","thread_name":"http-nio-8080-exec-3","level":"INFO","level_value":20000}
{"@timestamp":"2022-06-05T11:30:55.328+02:00","@version":"1","message":"Added pickup request for floor number: 2, with direction: UP","logger_name":"proj.elevators.elevatorSystem.controller.SystemVisualizationController","thread_name":"http-nio-8080-exec-6","level":"INFO","level_value":20000}
{"@timestamp":"2022-06-05T11:30:57.363+02:00","@version":"1","message":"Added target request for elevator with id: 1, to floor number: -2","logger_name":"proj.elevators.elevatorSystem.controller.SystemVisualizationController","thread_name":"http-nio-8080-exec-8","level":"INFO","level_value":20000}
{"@timestamp":"2022-06-05T11:30:59.423+02:00","@version":"1","message":"Successfully performed step","logger_name":"proj.elevators.elevatorSystem.controller.SystemVisualizationController","thread_name":"http-nio-8080-exec-9","level":"INFO","level_value":20000}
{"@timestamp":"2022-06-05T11:30:59.425+02:00","@version":"1","message":"Returned status","logger_name":"proj.elevators.elevatorSystem.controller.SystemVisualizationController","thread_name":"http-nio-8080-exec-10","level":"INFO","level_value":20000}
{"@timestamp":"2022-06-05T11:31:00.252+02:00","@version":"1","message":"Successfully performed step","logger_name":"proj.elevators.elevatorSystem.controller.SystemVisualizationController","thread_name":"http-nio-8080-exec-1","level":"INFO","level_value":20000}
{"@timestamp":"2022-06-05T11:31:00.254+02:00","@version":"1","message":"Returned status","logger_name":"proj.elevators.elevatorSystem.controller.SystemVisualizationController","thread_name":"http-nio-8080-exec-2","level":"INFO","level_value":20000}
{"@timestamp":"2022-06-05T11:31:00.684+02:00","@version":"1","message":"Successfully performed step","logger_name":"proj.elevators.elevatorSystem.controller.SystemVisualizationController","thread_name":"http-nio-8080-exec-4","level":"INFO","level_value":20000}
{"@timestamp":"2022-06-05T11:31:00.686+02:00","@version":"1","message":"Returned status","logger_name":"proj.elevators.elevatorSystem.controller.SystemVisualizationController","thread_name":"http-nio-8080-exec-3","level":"INFO","level_value":20000}
{"@timestamp":"2022-06-05T11:31:01.032+02:00","@version":"1","message":"Successfully performed step","logger_name":"proj.elevators.elevatorSystem.controller.SystemVisualizationController","thread_name":"http-nio-8080-exec-5","level":"INFO","level_value":20000}
{"@timestamp":"2022-06-05T11:31:01.035+02:00","@version":"1","message":"Returned status","logger_name":"proj.elevators.elevatorSystem.controller.SystemVisualizationController","thread_name":"http-nio-8080-exec-6","level":"INFO","level_value":20000}
{"@timestamp":"2022-06-05T11:31:01.425+02:00","@version":"1","message":"Successfully performed step","logger_name":"proj.elevators.elevatorSystem.controller.SystemVisualizationController","thread_name":"http-nio-8080-exec-7","level":"INFO","level_value":20000}
{"@timestamp":"2022-06-05T11:31:01.427+02:00","@version":"1","message":"Returned status","logger_name":"proj.elevators.elevatorSystem.controller.SystemVisualizationController","thread_name":"http-nio-8080-exec-8","level":"INFO","level_value":20000}
{"@timestamp":"2022-06-05T11:31:01.798+02:00","@version":"1","message":"Successfully performed step","logger_name":"proj.elevators.elevatorSystem.controller.SystemVisualizationController","thread_name":"http-nio-8080-exec-9","level":"INFO","level_value":20000}
{"@timestamp":"2022-06-05T11:31:01.8+02:00","@version":"1","message":"Returned status","logger_name":"proj.elevators.elevatorSystem.controller.SystemVisualizationController","thread_name":"http-nio-8080-exec-10","level":"INFO","level_value":20000}
{"@timestamp":"2022-06-05T11:31:04.966+02:00","@version":"1","message":"Updated position of elevator with id:2, to: 0","logger_name":"proj.elevators.elevatorSystem.controller.SystemVisualizationController","thread_name":"http-nio-8080-exec-1","level":"INFO","level_value":20000}
{"@timestamp":"2022-06-05T11:31:04.969+02:00","@version":"1","message":"Returned status","logger_name":"proj.elevators.elevatorSystem.controller.SystemVisualizationController","thread_name":"http-nio-8080-exec-2","level":"INFO","level_value":20000}
{"@timestamp":"2022-06-05T11:31:05.329+02:00","@version":"1","message":"Updated position of elevator with id:1, to: 0","logger_name":"proj.elevators.elevatorSystem.controller.SystemVisualizationController","thread_name":"http-nio-8080-exec-4","level":"INFO","level_value":20000}
{"@timestamp":"2022-06-05T11:31:05.332+02:00","@version":"1","message":"Returned status","logger_name":"proj.elevators.elevatorSystem.controller.SystemVisualizationController","thread_name":"http-nio-8080-exec-3","level":"INFO","level_value":20000}
{"@timestamp":"2022-06-05T11:31:05.774+02:00","@version":"1","message":"Updated position of elevator with id:0, to: 0","logger_name":"proj.elevators.elevatorSystem.controller.SystemVisualizationController","thread_name":"http-nio-8080-exec-5","level":"INFO","level_value":20000}
{"@timestamp":"2022-06-05T11:31:05.776+02:00","@version":"1","message":"Returned status","logger_name":"proj.elevators.elevatorSystem.controller.SystemVisualizationController","thread_name":"http-nio-8080-exec-6","level":"INFO","level_value":20000}
{"@timestamp":"2022-06-05T11:31:52.493+02:00","@version":"1","message":"Added target request for elevator with id: 1, to floor number: 3","logger_name":"proj.elevators.elevatorSystem.controller.SystemVisualizationController","thread_name":"http-nio-8080-exec-7","level":"INFO","level_value":20000}
{"@timestamp":"2022-06-05T11:31:53.108+02:00","@version":"1","message":"Added target request for elevator with id: 2, to floor number: -1","logger_name":"proj.elevators.elevatorSystem.controller.SystemVisualizationController","thread_name":"http-nio-8080-exec-8","level":"INFO","level_value":20000}
{"@timestamp":"2022-06-05T11:31:53.906+02:00","@version":"1","message":"Successfully performed step","logger_name":"proj.elevators.elevatorSystem.controller.SystemVisualizationController","thread_name":"http-nio-8080-exec-9","level":"INFO","level_value":20000}
{"@timestamp":"2022-06-05T11:31:53.909+02:00","@version":"1","message":"Returned status","logger_name":"proj.elevators.elevatorSystem.controller.SystemVisualizationController","thread_name":"http-nio-8080-exec-10","level":"INFO","level_value":20000}
{"@timestamp":"2022-06-05T11:31:54.257+02:00","@version":"1","message":"Successfully performed step","logger_name":"proj.elevators.elevatorSystem.controller.SystemVisualizationController","thread_name":"http-nio-8080-exec-1","level":"INFO","level_value":20000}
{"@timestamp":"2022-06-05T11:31:54.259+02:00","@version":"1","message":"Returned status","logger_name":"proj.elevators.elevatorSystem.controller.SystemVisualizationController","thread_name":"http-nio-8080-exec-2","level":"INFO","level_value":20000}
{"@timestamp":"2022-06-05T11:31:54.584+02:00","@version":"1","message":"Successfully performed step","logger_name":"proj.elevators.elevatorSystem.controller.SystemVisualizationController","thread_name":"http-nio-8080-exec-4","level":"INFO","level_value":20000}
{"@timestamp":"2022-06-05T11:31:54.586+02:00","@version":"1","message":"Returned status","logger_name":"proj.elevators.elevatorSystem.controller.SystemVisualizationController","thread_name":"http-nio-8080-exec-3","level":"INFO","level_value":20000}
{"@timestamp":"2022-06-05T11:31:55.882+02:00","@version":"1","message":"Successfully performed step","logger_name":"proj.elevators.elevatorSystem.controller.SystemVisualizationController","thread_name":"http-nio-8080-exec-5","level":"INFO","level_value":20000}
{"@timestamp":"2022-06-05T11:31:55.884+02:00","@version":"1","message":"Returned status","logger_name":"proj.elevators.elevatorSystem.controller.SystemVisualizationController","thread_name":"http-nio-8080-exec-6","level":"INFO","level_value":20000}
{"@timestamp":"2022-06-05T11:31:56.747+02:00","@version":"1","message":"Updated position of elevator with id:1, to: 0","logger_name":"proj.elevators.elevatorSystem.controller.SystemVisualizationController","thread_name":"http-nio-8080-exec-7","level":"INFO","level_value":20000}
{"@timestamp":"2022-06-05T11:31:56.749+02:00","@version":"1","message":"Returned status","logger_name":"proj.elevators.elevatorSystem.controller.SystemVisualizationController","thread_name":"http-nio-8080-exec-8","level":"INFO","level_value":20000}
{"@timestamp":"2022-06-05T11:31:57.206+02:00","@version":"1","message":"Updated position of elevator with id:2, to: 0","logger_name":"proj.elevators.elevatorSystem.controller.SystemVisualizationController","thread_name":"http-nio-8080-exec-9","level":"INFO","level_value":20000}
{"@timestamp":"2022-06-05T11:31:57.209+02:00","@version":"1","message":"Returned status","logger_name":"proj.elevators.elevatorSystem.controller.SystemVisualizationController","thread_name":"http-nio-8080-exec-10","level":"INFO","level_value":20000}
{"@timestamp":"2022-06-05T11:32:40.342+02:00","@version":"1","message":"Added target request for elevator with id: 2, to floor number: -2","logger_name":"proj.elevators.elevatorSystem.controller.SystemVisualizationController","thread_name":"http-nio-8080-exec-1","level":"INFO","level_value":20000}
{"@timestamp":"2022-06-05T11:32:41.175+02:00","@version":"1","message":"Added target request for elevator with id: 3, to floor number: 2","logger_name":"proj.elevators.elevatorSystem.controller.SystemVisualizationController","thread_name":"http-nio-8080-exec-4","level":"INFO","level_value":20000}
{"@timestamp":"2022-06-05T11:32:42.369+02:00","@version":"1","message":"Successfully performed step","logger_name":"proj.elevators.elevatorSystem.controller.SystemVisualizationController","thread_name":"http-nio-8080-exec-3","level":"INFO","level_value":20000}
{"@timestamp":"2022-06-05T11:32:42.371+02:00","@version":"1","message":"Returned status","logger_name":"proj.elevators.elevatorSystem.controller.SystemVisualizationController","thread_name":"http-nio-8080-exec-5","level":"INFO","level_value":20000}
{"@timestamp":"2022-06-05T11:32:42.705+02:00","@version":"1","message":"Successfully performed step","logger_name":"proj.elevators.elevatorSystem.controller.SystemVisualizationController","thread_name":"http-nio-8080-exec-6","level":"INFO","level_value":20000}
{"@timestamp":"2022-06-05T11:32:42.707+02:00","@version":"1","message":"Returned status","logger_name":"proj.elevators.elevatorSystem.controller.SystemVisualizationController","thread_name":"http-nio-8080-exec-7","level":"INFO","level_value":20000}
{"@timestamp":"2022-06-05T11:32:42.973+02:00","@version":"1","message":"Successfully performed step","logger_name":"proj.elevators.elevatorSystem.controller.SystemVisualizationController","thread_name":"http-nio-8080-exec-8","level":"INFO","level_value":20000}
{"@timestamp":"2022-06-05T11:32:42.975+02:00","@version":"1","message":"Returned status","logger_name":"proj.elevators.elevatorSystem.controller.SystemVisualizationController","thread_name":"http-nio-8080-exec-9","level":"INFO","level_value":20000}
{"@timestamp":"2022-06-05T11:32:43.889+02:00","@version":"1","message":"Updated position of elevator with id:2, to: 0","logger_name":"proj.elevators.elevatorSystem.controller.SystemVisualizationController","thread_name":"http-nio-8080-exec-10","level":"INFO","level_value":20000}
{"@timestamp":"2022-06-05T11:32:43.892+02:00","@version":"1","message":"Returned status","logger_name":"proj.elevators.elevatorSystem.controller.SystemVisualizationController","thread_name":"http-nio-8080-exec-1","level":"INFO","level_value":20000}
{"@timestamp":"2022-06-05T11:32:44.296+02:00","@version":"1","message":"Updated position of elevator with id:3, to: 0","logger_name":"proj.elevators.elevatorSystem.controller.SystemVisualizationController","thread_name":"http-nio-8080-exec-4","level":"INFO","level_value":20000}
{"@timestamp":"2022-06-05T11:32:44.298+02:00","@version":"1","message":"Returned status","logger_name":"proj.elevators.elevatorSystem.controller.SystemVisualizationController","thread_name":"http-nio-8080-exec-3","level":"INFO","level_value":20000}
{"@timestamp":"2022-06-05T17:44:43.53+02:00","@version":"1","message":"Starting ElevatorSystemApplication using Java 18.0.1.1 on DESKTOP-AEL7H7V with PID 3840 (C:\\Users\\FPro\\Desktop\\avsystem\\elevator_system\\elevator_system\\build\\classes\\java\\main started by FPro in C:\\Users\\FPro\\Desktop\\avsystem\\elevator_system\\elevator_system)","logger_name":"proj.elevators.elevatorSystem.ElevatorSystemApplication","thread_name":"main","level":"INFO","level_value":20000}
{"@timestamp":"2022-06-05T17:44:43.536+02:00","@version":"1","message":"Running with Spring Boot v2.7.0, Spring v5.3.20","logger_name":"proj.elevators.elevatorSystem.ElevatorSystemApplication","thread_name":"main","level":"DEBUG","level_value":10000}
{"@timestamp":"2022-06-05T17:44:43.537+02:00","@version":"1","message":"No active profile set, falling back to 1 default profile: \"default\"","logger_name":"proj.elevators.elevatorSystem.ElevatorSystemApplication","thread_name":"main","level":"INFO","level_value":20000}
{"@timestamp":"2022-06-05T17:45:25.133+02:00","@version":"1","message":"Starting ElevatorSystemApplication using Java 18.0.1.1 on DESKTOP-AEL7H7V with PID 21564 (C:\\Users\\FPro\\Desktop\\avsystem\\elevator_system\\elevator_system\\build\\classes\\java\\main started by FPro in C:\\Users\\FPro\\Desktop\\avsystem\\elevator_system\\elevator_system)","logger_name":"proj.elevators.elevatorSystem.ElevatorSystemApplication","thread_name":"main","level":"INFO","level_value":20000}
{"@timestamp":"2022-06-05T17:45:25.139+02:00","@version":"1","message":"Running with Spring Boot v2.7.0, Spring v5.3.20","logger_name":"proj.elevators.elevatorSystem.ElevatorSystemApplication","thread_name":"main","level":"DEBUG","level_value":10000}
{"@timestamp":"2022-06-05T17:45:25.14+02:00","@version":"1","message":"No active profile set, falling back to 1 default profile: \"default\"","logger_name":"proj.elevators.elevatorSystem.ElevatorSystemApplication","thread_name":"main","level":"INFO","level_value":20000}
{"@timestamp":"2022-06-05T17:46:19.694+02:00","@version":"1","message":"Starting ElevatorSystemApplication using Java 18.0.1.1 on DESKTOP-AEL7H7V with PID 9256 (C:\\Users\\FPro\\Desktop\\avsystem\\elevator_system\\elevator_system\\build\\classes\\java\\main started by FPro in C:\\Users\\FPro\\Desktop\\avsystem\\elevator_system\\elevator_system)","logger_name":"proj.elevators.elevatorSystem.ElevatorSystemApplication","thread_name":"main","level":"INFO","level_value":20000}
{"@timestamp":"2022-06-05T17:46:19.7+02:00","@version":"1","message":"Running with Spring Boot v2.7.0, Spring v5.3.20","logger_name":"proj.elevators.elevatorSystem.ElevatorSystemApplication","thread_name":"main","level":"DEBUG","level_value":10000}
{"@timestamp":"2022-06-05T17:46:19.7+02:00","@version":"1","message":"No active profile set, falling back to 1 default profile: \"default\"","logger_name":"proj.elevators.elevatorSystem.ElevatorSystemApplication","thread_name":"main","level":"INFO","level_value":20000}
{"@timestamp":"2022-06-05T17:46:20.703+02:00","@version":"1","message":"Started ElevatorSystemApplication in 1.277 seconds (JVM running for 1.546)","logger_name":"proj.elevators.elevatorSystem.ElevatorSystemApplication","thread_name":"main","level":"INFO","level_value":20000}
{"@timestamp":"2022-06-05T17:46:29.718+02:00","@version":"1","message":"Starting ElevatorSystemApplication using Java 18.0.1.1 on DESKTOP-AEL7H7V with PID 16564 (C:\\Users\\FPro\\Desktop\\avsystem\\elevator_system\\elevator_system\\build\\classes\\java\\main started by FPro in C:\\Users\\FPro\\Desktop\\avsystem\\elevator_system\\elevator_system)","logger_name":"proj.elevators.elevatorSystem.ElevatorSystemApplication","thread_name":"main","level":"INFO","level_value":20000}
{"@timestamp":"2022-06-05T17:46:29.724+02:00","@version":"1","message":"Running with Spring Boot v2.7.0, Spring v5.3.20","logger_name":"proj.elevators.elevatorSystem.ElevatorSystemApplication","thread_name":"main","level":"DEBUG","level_value":10000}
{"@timestamp":"2022-06-05T17:46:29.724+02:00","@version":"1","message":"No active profile set, falling back to 1 default profile: \"default\"","logger_name":"proj.elevators.elevatorSystem.ElevatorSystemApplication","thread_name":"main","level":"INFO","level_value":20000}
{"@timestamp":"2022-06-05T17:46:30.727+02:00","@version":"1","message":"Started ElevatorSystemApplication in 1.276 seconds (JVM running for 1.558)","logger_name":"proj.elevators.elevatorSystem.ElevatorSystemApplication","thread_name":"main","level":"INFO","level_value":20000}
{"@timestamp":"2022-06-05T17:47:37.609+02:00","@version":"1","message":"Starting ElevatorSystemApplication using Java 18.0.1.1 on DESKTOP-AEL7H7V with PID 10508 (C:\\Users\\FPro\\Desktop\\avsystem\\elevator_system\\elevator_system\\build\\classes\\java\\main started by FPro in C:\\Users\\FPro\\Desktop\\avsystem\\elevator_system\\elevator_system)","logger_name":"proj.elevators.elevatorSystem.ElevatorSystemApplication","thread_name":"main","level":"INFO","level_value":20000}
{"@timestamp":"2022-06-05T17:47:37.616+02:00","@version":"1","message":"Running with Spring Boot v2.7.0, Spring v5.3.20","logger_name":"proj.elevators.elevatorSystem.ElevatorSystemApplication","thread_name":"main","level":"DEBUG","level_value":10000}
{"@timestamp":"2022-06-05T17:47:37.616+02:00","@version":"1","message":"No active profile set, falling back to 1 default profile: \"default\"","logger_name":"proj.elevators.elevatorSystem.ElevatorSystemApplication","thread_name":"main","level":"INFO","level_value":20000}
{"@timestamp":"2022-06-05T17:47:38.623+02:00","@version":"1","message":"Started ElevatorSystemApplication in 1.291 seconds (JVM running for 1.568)","logger_name":"proj.elevators.elevatorSystem.ElevatorSystemApplication","thread_name":"main","level":"INFO","level_value":20000}
{"@timestamp":"2022-06-05T17:48:21.014+02:00","@version":"1","message":"Starting ElevatorSystemApplication using Java 18.0.1.1 on DESKTOP-AEL7H7V with PID 13544 (C:\\Users\\FPro\\Desktop\\avsystem\\elevator_system\\elevator_system\\build\\classes\\java\\main started by FPro in C:\\Users\\FPro\\Desktop\\avsystem\\elevator_system\\elevator_system)","logger_name":"proj.elevators.elevatorSystem.ElevatorSystemApplication","thread_name":"main","level":"INFO","level_value":20000}
{"@timestamp":"2022-06-05T17:48:21.021+02:00","@version":"1","message":"Running with Spring Boot v2.7.0, Spring v5.3.20","logger_name":"proj.elevators.elevatorSystem.ElevatorSystemApplication","thread_name":"main","level":"DEBUG","level_value":10000}
{"@timestamp":"2022-06-05T17:48:21.021+02:00","@version":"1","message":"No active profile set, falling back to 1 default profile: \"default\"","logger_name":"proj.elevators.elevatorSystem.ElevatorSystemApplication","thread_name":"main","level":"INFO","level_value":20000}
{"@timestamp":"2022-06-05T17:48:22.019+02:00","@version":"1","message":"Started ElevatorSystemApplication in 1.317 seconds (JVM running for 1.612)","logger_name":"proj.elevators.elevatorSystem.ElevatorSystemApplication","thread_name":"main","level":"INFO","level_value":20000}
{"@timestamp":"2022-06-05T17:51:45.239+02:00","@version":"1","message":"Starting ElevatorSystemApplication using Java 18.0.1.1 on DESKTOP-AEL7H7V with PID 8164 (C:\\Users\\FPro\\Desktop\\avsystem\\elevator_system\\elevator_system\\build\\classes\\java\\main started by FPro in C:\\Users\\FPro\\Desktop\\avsystem\\elevator_system\\elevator_system)","logger_name":"proj.elevators.elevatorSystem.ElevatorSystemApplication","thread_name":"main","level":"INFO","level_value":20000}
{"@timestamp":"2022-06-05T17:51:45.246+02:00","@version":"1","message":"Running with Spring Boot v2.7.0, Spring v5.3.20","logger_name":"proj.elevators.elevatorSystem.ElevatorSystemApplication","thread_name":"main","level":"DEBUG","level_value":10000}
{"@timestamp":"2022-06-05T17:51:45.247+02:00","@version":"1","message":"No active profile set, falling back to 1 default profile: \"default\"","logger_name":"proj.elevators.elevatorSystem.ElevatorSystemApplication","thread_name":"main","level":"INFO","level_value":20000}
{"@timestamp":"2022-06-05T17:51:46.203+02:00","@version":"1","message":"Started ElevatorSystemApplication in 1.258 seconds (JVM running for 1.536)","logger_name":"proj.elevators.elevatorSystem.ElevatorSystemApplication","thread_name":"main","level":"INFO","level_value":20000}
{"@timestamp":"2022-06-05T17:54:36.572+02:00","@version":"1","message":"Starting ElevatorSystemApplication using Java 18.0.1.1 on DESKTOP-AEL7H7V with PID 19916 (C:\\Users\\FPro\\Desktop\\avsystem\\elevator_system\\elevator_system\\build\\classes\\java\\main started by FPro in C:\\Users\\FPro\\Desktop\\avsystem\\elevator_system\\elevator_system)","logger_name":"proj.elevators.elevatorSystem.ElevatorSystemApplication","thread_name":"main","level":"INFO","level_value":20000}
{"@timestamp":"2022-06-05T17:54:36.579+02:00","@version":"1","message":"Running with Spring Boot v2.7.0, Spring v5.3.20","logger_name":"proj.elevators.elevatorSystem.ElevatorSystemApplication","thread_name":"main","level":"DEBUG","level_value":10000}
{"@timestamp":"2022-06-05T17:54:36.579+02:00","@version":"1","message":"No active profile set, falling back to 1 default profile: \"default\"","logger_name":"proj.elevators.elevatorSystem.ElevatorSystemApplication","thread_name":"main","level":"INFO","level_value":20000}
{"@timestamp":"2022-06-05T17:54:37.438+02:00","@version":"1","message":"Started ElevatorSystemApplication in 1.135 seconds (JVM running for 1.405)","logger_name":"proj.elevators.elevatorSystem.ElevatorSystemApplication","thread_name":"main","level":"INFO","level_value":20000}
{"@timestamp":"2022-06-05T17:55:32.528+02:00","@version":"1","message":"Starting ElevatorSystemApplication using Java 18.0.1.1 on DESKTOP-AEL7H7V with PID 18032 (C:\\Users\\FPro\\Desktop\\avsystem\\elevator_system\\elevator_system\\build\\classes\\java\\main started by FPro in C:\\Users\\FPro\\Desktop\\avsystem\\elevator_system\\elevator_system)","logger_name":"proj.elevators.elevatorSystem.ElevatorSystemApplication","thread_name":"main","level":"INFO","level_value":20000}
{"@timestamp":"2022-06-05T17:55:32.536+02:00","@version":"1","message":"Running with Spring Boot v2.7.0, Spring v5.3.20","logger_name":"proj.elevators.elevatorSystem.ElevatorSystemApplication","thread_name":"main","level":"DEBUG","level_value":10000}
{"@timestamp":"2022-06-05T17:55:32.536+02:00","@version":"1","message":"No active profile set, falling back to 1 default profile: \"default\"","logger_name":"proj.elevators.elevatorSystem.ElevatorSystemApplication","thread_name":"main","level":"INFO","level_value":20000}
{"@timestamp":"2022-06-05T17:55:33.476+02:00","@version":"1","message":"Started ElevatorSystemApplication in 1.255 seconds (JVM running for 1.555)","logger_name":"proj.elevators.elevatorSystem.ElevatorSystemApplication","thread_name":"main","level":"INFO","level_value":20000}
{"@timestamp":"2022-06-05T17:56:08.572+02:00","@version":"1","message":"Starting ElevatorSystemApplication using Java 18.0.1.1 on DESKTOP-AEL7H7V with PID 11020 (C:\\Users\\FPro\\Desktop\\avsystem\\elevator_system\\elevator_system\\build\\classes\\java\\main started by FPro in C:\\Users\\FPro\\Desktop\\avsystem\\elevator_system\\elevator_system)","logger_name":"proj.elevators.elevatorSystem.ElevatorSystemApplication","thread_name":"main","level":"INFO","level_value":20000}
{"@timestamp":"2022-06-05T17:56:08.581+02:00","@version":"1","message":"Running with Spring Boot v2.7.0, Spring v5.3.20","logger_name":"proj.elevators.elevatorSystem.ElevatorSystemApplication","thread_name":"main","level":"DEBUG","level_value":10000}
{"@timestamp":"2022-06-05T17:56:08.582+02:00","@version":"1","message":"No active profile set, falling back to 1 default profile: \"default\"","logger_name":"proj.elevators.elevatorSystem.ElevatorSystemApplication","thread_name":"main","level":"INFO","level_value":20000}
{"@timestamp":"2022-06-05T17:56:09.443+02:00","@version":"1","message":"Started ElevatorSystemApplication in 1.216 seconds (JVM running for 1.492)","logger_name":"proj.elevators.elevatorSystem.ElevatorSystemApplication","thread_name":"main","level":"INFO","level_value":20000}
